<?xml version="1.0" encoding="UTF-8"?>
<testsuite name="ru.queuejw.space.game.UniverseTest" tests="2" skipped="0" failures="0" errors="0" timestamp="2025-10-03T00:23:31.231Z" hostname="ST11368-yevkon" time="0.032">
  <properties/>
  <testcase name="stepping increases sim time" classname="ru.queuejw.space.game.UniverseTest" time="0.03"/>
  <testcase name="initRandom creates ship and planets" classname="ru.queuejw.space.game.UniverseTest" time="0.001"/>
  <system-out><![CDATA[]]></system-out>
  <system-err><![CDATA[]]></system-err>
</testsuite>
